<?xml version="1.0" encoding="UTF-8"?>
<!-- Generated by org.testng.reporters.JUnitXMLReporter -->
<testsuite ignored="0" hostname="SowjanyaHome" failures="0" tests="2" name="Data Driven Test" time="50.16" errors="0" timestamp="2021-07-25T15:40:04 IST">
  <testcase classname="tests.DatDrivenNewArticleTestSet" name="publishNewTestingArticle" time="8.694"/>
  <testcase classname="tests.DatDrivenNewArticleTestSet" name="publishNewTestingArticle" time="6.611"/>
</testsuite> <!-- Data Driven Test -->
