<?xml version="1.0" encoding="UTF-8"?>
<testng-results ignored="0" total="1" passed="1" failed="0" skipped="0">
  <reporter-output>
  </reporter-output>
  <suite started-at="2021-07-25T17:36:25 IST" name="Suite" finished-at="2021-07-25T17:37:09 IST" duration-ms="43770">
    <groups>
    </groups>
    <test started-at="2021-07-25T17:36:25 IST" name="Test" finished-at="2021-07-25T17:37:09 IST" duration-ms="43770">
      <class name="tests.NewArticleTestSet">
        <test-method is-config="true" signature="setUp()[pri:0, instance:tests.NewArticleTestSet@5e7cd6cc]" started-at="2021-07-25T17:36:25 IST" name="setUp" finished-at="2021-07-25T17:36:56 IST" duration-ms="30963" status="PASS">
          <reporter-output>
          </reporter-output>
        </test-method> <!-- setUp -->
        <test-method is-config="true" signature="before()[pri:0, instance:tests.NewArticleTestSet@5e7cd6cc]" started-at="2021-07-25T17:36:56 IST" name="before" description="Startest" finished-at="2021-07-25T17:36:56 IST" duration-ms="4" status="PASS">
          <reporter-output>
          </reporter-output>
        </test-method> <!-- before -->
        <test-method signature="publishNewTestingArticle()[pri:0, instance:tests.NewArticleTestSet@5e7cd6cc]" started-at="2021-07-25T17:36:56 IST" name="publishNewTestingArticle" description="Check publishing a new article" finished-at="2021-07-25T17:37:06 IST" duration-ms="9784" status="PASS">
          <reporter-output>
          </reporter-output>
        </test-method> <!-- publishNewTestingArticle -->
        <test-method is-config="true" signature="after()[pri:0, instance:tests.NewArticleTestSet@5e7cd6cc]" started-at="2021-07-25T17:37:06 IST" name="after" description="endstart" finished-at="2021-07-25T17:37:09 IST" duration-ms="2930" status="PASS">
          <reporter-output>
          </reporter-output>
        </test-method> <!-- after -->
        <test-method is-config="true" signature="afterAllIsDone()[pri:0, instance:tests.NewArticleTestSet@5e7cd6cc]" started-at="2021-07-25T17:37:09 IST" name="afterAllIsDone" finished-at="2021-07-25T17:37:09 IST" duration-ms="2" status="PASS">
          <reporter-output>
          </reporter-output>
        </test-method> <!-- afterAllIsDone -->
      </class> <!-- tests.NewArticleTestSet -->
    </test> <!-- Test -->
  </suite> <!-- Suite -->
</testng-results>
