<?xml version="1.0" encoding="UTF-8"?>
<!-- Generated by org.testng.reporters.JUnitXMLReporter -->
<testsuite ignored="0" hostname="SowjanyaHome" failures="0" tests="2" name="Data Driven Test" time="88.957" errors="0" timestamp="2021-07-25T17:00:27 IST">
  <testcase classname="tests.DatDrivenNewArticleTestSet" name="publishNewTestingArticle" time="11.697"/>
  <testcase classname="tests.DatDrivenNewArticleTestSet" name="publishNewTestingArticle" time="7.997"/>
</testsuite> <!-- Data Driven Test -->
